Arguments: 
  /usr/bin/node /usr/local/bin/yarn install

PATH: 
  /usr/local/sbin:/usr/local/bin:/usr/sbin:/usr/bin:/sbin:/bin:/usr/games:/usr/local/games:/snap/bin

Yarn version: 
  1.22.4

Node version: 
  10.19.0

Platform: 
  linux x64

Trace: 
  SyntaxError: /home/esokia/Desktop/ANDRY_Nirina/Formation/Chrome extension/chrome_media/package.json: Unexpected token } in JSON at position 336
      at JSON.parse (<anonymous>)
      at /usr/local/lib/node_modules/yarn/lib/cli.js:1625:59
      at Generator.next (<anonymous>)
      at step (/usr/local/lib/node_modules/yarn/lib/cli.js:310:30)
      at /usr/local/lib/node_modules/yarn/lib/cli.js:321:13

npm manifest: 
  {
    "name": "chrome_media",
    "version": "1.0.0",
    "description": "Media player",
    "main": "index.js",
    "repository": "https://github.com/daday-andry/chrome_media",
    "author": "ANDRY Nirina <ani@esokia.com>",
    "license": "MIT",
    "dependencies": {
      "bootstrap": "^4.5.2",
      "jquery": "^3.5.1",
      "font-awesome": "^4.7.0",
    }
  }

yarn manifest: 
  No manifest

Lockfile: 
  # THIS IS AN AUTOGENERATED FILE. DO NOT EDIT THIS FILE DIRECTLY.
  # yarn lockfile v1
  
  
  bootstrap@^4.5.2:
    version "4.5.2"
    resolved "https://registry.yarnpkg.com/bootstrap/-/bootstrap-4.5.2.tgz#a85c4eda59155f0d71186b6e6ad9b875813779ab"
    integrity sha512-vlGn0bcySYl/iV+BGA544JkkZP5LB3jsmkeKLFQakCOwCM3AOk7VkldBz4jrzSe+Z0Ezn99NVXa1o45cQY4R6A==
  
  jquery@^3.5.1:
    version "3.5.1"
    resolved "https://registry.yarnpkg.com/jquery/-/jquery-3.5.1.tgz#d7b4d08e1bfdb86ad2f1a3d039ea17304717abb5"
    integrity sha512-XwIBPqcMn57FxfT+Go5pzySnm4KWkT1Tv7gjrpT1srtf8Weynl6R273VJ5GjkRb51IzMp5nbaPjJXMWeju2MKg==
